<?xml version="1.0" encoding="UTF-8"?>
<!-- Generated by org.testng.reporters.JUnitReportReporter -->
<testsuite hostname="INMUWLAP1693" name="pkgGitTest.OrangeHRM" tests="5" failures="0" timestamp="17 Mar 2021 15:40:42 GMT" time="44.432" errors="0">
  <testcase name="loginApplication" time="10.248" classname="pkgGitTest.OrangeHRM"/>
  <testcase name="logoutFromApp" time="2.729" classname="pkgGitTest.OrangeHRM"/>
  <testcase name="verifyAfterLogout" time="5.987" classname="pkgGitTest.OrangeHRM"/>
  <testcase name="verifyTitle" time="25.448" classname="pkgGitTest.OrangeHRM"/>
  <testcase name="verifyAfterLogin" time="0.020" classname="pkgGitTest.OrangeHRM"/>
</testsuite> <!-- pkgGitTest.OrangeHRM -->
